{"C:\\Users\\hp\\Desktop\\item-verse-api-main\\item-verse-api-main\\src\\integrations\\supabase\\client.ts": {"path":"C:\\Users\\hp\\Desktop\\item-verse-api-main\\item-verse-api-main\\src\\integrations\\supabase\\client.ts","statementMap":{"0":{"start":{"line":2,"column":0},"end":{"line":2,"column":53}},"1":{"start":{"line":5,"column":21},"end":{"line":5,"column":63}},"2":{"start":{"line":6,"column":33},"end":{"line":6,"column":243}},"3":{"start":{"line":11,"column":13},"end":{"line":11,"column":87}}},"fnMap":{},"branchMap":{},"s":{"0":2,"1":2,"2":2,"3":2},"f":{},"b":{}}
,"C:\\Users\\hp\\Desktop\\item-verse-api-main\\item-verse-api-main\\src\\lib\\utils.ts": {"path":"C:\\Users\\hp\\Desktop\\item-verse-api-main\\item-verse-api-main\\src\\lib\\utils.ts","statementMap":{"0":{"start":{"line":4,"column":0},"end":{"line":4,"column":16}},"1":{"start":{"line":1,"column":0},"end":{"line":1,"column":44}},"2":{"start":{"line":2,"column":0},"end":{"line":2,"column":40}},"3":{"start":{"line":5,"column":2},"end":{"line":5,"column":null}}},"fnMap":{"0":{"name":"cn","decl":{"start":{"line":4,"column":16},"end":{"line":4,"column":18}},"loc":{"start":{"line":4,"column":42},"end":{"line":6,"column":1}}}},"branchMap":{},"s":{"0":1,"1":1,"2":1,"3":3},"f":{"0":3},"b":{}}
}
